---------- Date: 2015-03-11 07:22:40 ~ IP : 27.147.193.4 ----------
REQUEST URI : /sobjibazaar/
MOD DETAILS:
   modFile   : /home/bsorg/public_html/sobjibazaar/vqmod/xml/vqmod_opencart.xml
   id        : VQMOD CORE FOR OPENCART STARTUP.PHP - DO NOT REMOVE AS THIS IS NEEDED FOR VQMOD IN OPENCART
   version   : 1.4.x and 1.5.x
   vqmver    : 1.0.8
   author    : qphoria
Could not resolve path for [system/library/template.php]
SEARCH NOT FOUND (ABORTING MOD): if (file_exists($file))

----------------------------------------------------------------------


---------- Date: 2015-03-11 07:22:55 ~ IP : 27.147.193.4 ----------
REQUEST URI : /sobjibazaar/
MOD DETAILS:
   modFile   : /home/bsorg/public_html/sobjibazaar/vqmod/xml/vqmod_opencart.xml
   id        : VQMOD CORE FOR OPENCART STARTUP.PHP - DO NOT REMOVE AS THIS IS NEEDED FOR VQMOD IN OPENCART
   version   : 1.4.x and 1.5.x
   vqmver    : 1.0.8
   author    : qphoria
Could not resolve path for [system/library/template.php]
SEARCH NOT FOUND (ABORTING MOD): if (file_exists($file))

----------------------------------------------------------------------


---------- Date: 2015-03-11 07:24:48 ~ IP : 27.147.193.4 ----------
REQUEST URI : /sobjibazaar/
MOD DETAILS:
   modFile   : /home/bsorg/public_html/sobjibazaar/vqmod/xml/vqmod_opencart.xml
   id        : VQMOD CORE FOR OPENCART STARTUP.PHP - DO NOT REMOVE AS THIS IS NEEDED FOR VQMOD IN OPENCART
   version   : 1.4.x and 1.5.x
   vqmver    : 1.0.8
   author    : qphoria
Could not resolve path for [system/library/template.php]
SEARCH NOT FOUND (ABORTING MOD): if (file_exists($file))

----------------------------------------------------------------------


---------- Date: 2015-03-11 07:24:49 ~ IP : 27.147.193.4 ----------
REQUEST URI : /sobjibazaar/
MOD DETAILS:
   modFile   : /home/bsorg/public_html/sobjibazaar/vqmod/xml/vqmod_opencart.xml
   id        : VQMOD CORE FOR OPENCART STARTUP.PHP - DO NOT REMOVE AS THIS IS NEEDED FOR VQMOD IN OPENCART
   version   : 1.4.x and 1.5.x
   vqmver    : 1.0.8
   author    : qphoria
Could not resolve path for [system/library/template.php]
SEARCH NOT FOUND (ABORTING MOD): if (file_exists($file))

----------------------------------------------------------------------


---------- Date: 2015-03-11 07:25:16 ~ IP : 27.147.193.4 ----------
REQUEST URI : /sobjibazaar/
MOD DETAILS:
   modFile   : /home/bsorg/public_html/sobjibazaar/vqmod/xml/vqmod_opencart.xml
   id        : VQMOD CORE FOR OPENCART STARTUP.PHP - DO NOT REMOVE AS THIS IS NEEDED FOR VQMOD IN OPENCART
   version   : 1.4.x and 1.5.x
   vqmver    : 1.0.8
   author    : qphoria
Could not resolve path for [system/library/template.php]
SEARCH NOT FOUND (ABORTING MOD): if (file_exists($file))

----------------------------------------------------------------------


---------- Date: 2015-03-11 07:25:55 ~ IP : 27.147.193.4 ----------
REQUEST URI : /sobjibazaar/
MOD DETAILS:
   modFile   : /home/bsorg/public_html/sobjibazaar/vqmod/xml/vqmod_opencart.xml
   id        : VQMOD CORE FOR OPENCART STARTUP.PHP - DO NOT REMOVE AS THIS IS NEEDED FOR VQMOD IN OPENCART
   version   : 1.4.x and 1.5.x
   vqmver    : 1.0.8
   author    : qphoria
Could not resolve path for [system/library/template.php]
SEARCH NOT FOUND (ABORTING MOD): if (file_exists($file))

----------------------------------------------------------------------


---------- Date: 2015-03-11 07:27:28 ~ IP : 27.147.193.4 ----------
REQUEST URI : /sobjibazaar/
MOD DETAILS:
   modFile   : /home/bsorg/public_html/sobjibazaar/vqmod/xml/vqmod_opencart.xml
   id        : VQMOD CORE FOR OPENCART STARTUP.PHP - DO NOT REMOVE AS THIS IS NEEDED FOR VQMOD IN OPENCART
   version   : 1.4.x and 1.5.x
   vqmver    : 1.0.8
   author    : qphoria
Could not resolve path for [system/library/template.php]
SEARCH NOT FOUND (ABORTING MOD): if (file_exists($file))

----------------------------------------------------------------------


---------- Date: 2015-03-11 07:43:57 ~ IP : 27.147.193.4 ----------
REQUEST URI : /sobjibazaar/
MOD DETAILS:
   modFile   : /home/bsorg/public_html/sobjibazaar/vqmod/xml/vqmod_opencart.xml
   id        : VQMOD CORE FOR OPENCART STARTUP.PHP - DO NOT REMOVE AS THIS IS NEEDED FOR VQMOD IN OPENCART
   version   : 1.4.x and 1.5.x
   vqmver    : 1.0.8
   author    : qphoria
Could not resolve path for [system/library/template.php]
SEARCH NOT FOUND (ABORTING MOD): if (file_exists($file))

----------------------------------------------------------------------


---------- Date: 2015-03-11 07:46:59 ~ IP : 27.147.193.4 ----------
REQUEST URI : /sobjibazaar/admin/
MOD DETAILS:
   modFile   : /home/bsorg/public_html/sobjibazaar/vqmod/xml/vqmod_opencart.xml
   id        : VQMOD CORE FOR OPENCART STARTUP.PHP - DO NOT REMOVE AS THIS IS NEEDED FOR VQMOD IN OPENCART
   version   : 1.4.x and 1.5.x
   vqmver    : 1.0.8
   author    : qphoria
Could not resolve path for [system/library/template.php]
SEARCH NOT FOUND (ABORTING MOD): if (file_exists($file))

----------------------------------------------------------------------


---------- Date: 2015-03-11 07:51:39 ~ IP : 27.147.193.4 ----------
REQUEST URI : /sobjibazaar/
MOD DETAILS:
   modFile   : /home/bsorg/public_html/sobjibazaar/vqmod/xml/vqmod_opencart.xml
   id        : VQMOD CORE FOR OPENCART STARTUP.PHP - DO NOT REMOVE AS THIS IS NEEDED FOR VQMOD IN OPENCART
   version   : 1.4.x and 1.5.x
   vqmver    : 1.0.8
   author    : qphoria
Could not resolve path for [system/library/template.php]
SEARCH NOT FOUND (ABORTING MOD): if (file_exists($file))

----------------------------------------------------------------------


---------- Date: 2015-03-11 07:52:30 ~ IP : 27.147.193.4 ----------
REQUEST URI : /sobjibazaar/
MOD DETAILS:
   modFile   : /home/bsorg/public_html/sobjibazaar/vqmod/xml/vqmod_opencart.xml
   id        : VQMOD CORE FOR OPENCART STARTUP.PHP - DO NOT REMOVE AS THIS IS NEEDED FOR VQMOD IN OPENCART
   version   : 1.4.x and 1.5.x
   vqmver    : 1.0.8
   author    : qphoria
Could not resolve path for [system/library/template.php]
SEARCH NOT FOUND (ABORTING MOD): if (file_exists($file))

----------------------------------------------------------------------


---------- Date: 2015-03-11 07:57:52 ~ IP : 27.147.193.4 ----------
REQUEST URI : /sobjibazaar/
MOD DETAILS:
   modFile   : /home/bsorg/public_html/sobjibazaar/vqmod/xml/vqmod_opencart.xml
   id        : VQMOD CORE FOR OPENCART STARTUP.PHP - DO NOT REMOVE AS THIS IS NEEDED FOR VQMOD IN OPENCART
   version   : 1.4.x and 1.5.x
   vqmver    : 1.0.8
   author    : qphoria
Could not resolve path for [system/library/template.php]

----------------------------------------------------------------------


---------- Date: 2015-03-11 07:59:00 ~ IP : 27.147.193.4 ----------
REQUEST URI : /sobjibazaar/
MOD DETAILS:
   modFile   : /home/bsorg/public_html/sobjibazaar/vqmod/xml/vqmod_opencart.xml
   id        : VQMOD CORE FOR OPENCART STARTUP.PHP - DO NOT REMOVE AS THIS IS NEEDED FOR VQMOD IN OPENCART
   version   : 1.4.x and 1.5.x
   vqmver    : 1.0.8
   author    : qphoria
Could not resolve path for [system/library/template.php]

----------------------------------------------------------------------


---------- Date: 2015-03-11 08:00:20 ~ IP : 27.147.193.4 ----------
REQUEST URI : /sobjibazaar/index.php?route=common/home
MOD DETAILS:
   modFile   : /home/bsorg/public_html/sobjibazaar/vqmod/xml/vqmod_opencart.xml
   id        : VQMOD CORE FOR OPENCART STARTUP.PHP - DO NOT REMOVE AS THIS IS NEEDED FOR VQMOD IN OPENCART
   version   : 1.4.x and 1.5.x
   vqmver    : 1.0.8
   author    : qphoria
Could not resolve path for [system/library/template.php]

----------------------------------------------------------------------


---------- Date: 2015-03-11 08:00:46 ~ IP : 27.147.193.4 ----------
REQUEST URI : /sobjibazaar/admin/
MOD DETAILS:
   modFile   : /home/bsorg/public_html/sobjibazaar/vqmod/xml/vqmod_opencart.xml
   id        : VQMOD CORE FOR OPENCART STARTUP.PHP - DO NOT REMOVE AS THIS IS NEEDED FOR VQMOD IN OPENCART
   version   : 1.4.x and 1.5.x
   vqmver    : 1.0.8
   author    : qphoria
Could not resolve path for [system/library/template.php]

----------------------------------------------------------------------


---------- Date: 2015-03-11 08:00:53 ~ IP : 27.147.193.4 ----------
REQUEST URI : /sobjibazaar/admin/index.php?route=common/login
MOD DETAILS:
   modFile   : /home/bsorg/public_html/sobjibazaar/vqmod/xml/vqmod_opencart.xml
   id        : VQMOD CORE FOR OPENCART STARTUP.PHP - DO NOT REMOVE AS THIS IS NEEDED FOR VQMOD IN OPENCART
   version   : 1.4.x and 1.5.x
   vqmver    : 1.0.8
   author    : qphoria
Could not resolve path for [system/library/template.php]

----------------------------------------------------------------------


---------- Date: 2015-03-11 08:00:54 ~ IP : 27.147.193.4 ----------
REQUEST URI : /sobjibazaar/admin/index.php?route=common/dashboard&token=61781b37f0af8f26b9c4976577368d35
MOD DETAILS:
   modFile   : /home/bsorg/public_html/sobjibazaar/vqmod/xml/vqmod_opencart.xml
   id        : VQMOD CORE FOR OPENCART STARTUP.PHP - DO NOT REMOVE AS THIS IS NEEDED FOR VQMOD IN OPENCART
   version   : 1.4.x and 1.5.x
   vqmver    : 1.0.8
   author    : qphoria
Could not resolve path for [system/library/template.php]

----------------------------------------------------------------------


---------- Date: 2015-03-11 08:01:13 ~ IP : 27.147.193.4 ----------
REQUEST URI : /sobjibazaar/admin/index.php?route=dashboard/chart/chart&token=61781b37f0af8f26b9c4976577368d35&range=month
MOD DETAILS:
   modFile   : /home/bsorg/public_html/sobjibazaar/vqmod/xml/vqmod_opencart.xml
   id        : VQMOD CORE FOR OPENCART STARTUP.PHP - DO NOT REMOVE AS THIS IS NEEDED FOR VQMOD IN OPENCART
   version   : 1.4.x and 1.5.x
   vqmver    : 1.0.8
   author    : qphoria
Could not resolve path for [system/library/template.php]

----------------------------------------------------------------------


---------- Date: 2015-03-11 08:01:13 ~ IP : 27.147.193.4 ----------
REQUEST URI : /sobjibazaar/admin/index.php?route=dashboard/map/map&token=61781b37f0af8f26b9c4976577368d35
MOD DETAILS:
   modFile   : /home/bsorg/public_html/sobjibazaar/vqmod/xml/vqmod_opencart.xml
   id        : VQMOD CORE FOR OPENCART STARTUP.PHP - DO NOT REMOVE AS THIS IS NEEDED FOR VQMOD IN OPENCART
   version   : 1.4.x and 1.5.x
   vqmver    : 1.0.8
   author    : qphoria
Could not resolve path for [system/library/template.php]

----------------------------------------------------------------------


---------- Date: 2015-03-11 08:03:25 ~ IP : 27.147.193.4 ----------
REQUEST URI : /sobjibazaar/
MOD DETAILS:
   modFile   : /home/bsorg/public_html/sobjibazaar/vqmod/xml/vqmod_opencart.xml
   id        : VQMOD CORE FOR OPENCART STARTUP.PHP - DO NOT REMOVE AS THIS IS NEEDED FOR VQMOD IN OPENCART
   version   : 1.4.x and 1.5.x
   vqmver    : 1.0.8
   author    : qphoria
Could not resolve path for [system/library/template.php]

----------------------------------------------------------------------


---------- Date: 2015-03-11 08:03:37 ~ IP : 27.147.193.4 ----------
REQUEST URI : /sobjibazaar/index.php?route=product/category&path=59
MOD DETAILS:
   modFile   : /home/bsorg/public_html/sobjibazaar/vqmod/xml/vqmod_opencart.xml
   id        : VQMOD CORE FOR OPENCART STARTUP.PHP - DO NOT REMOVE AS THIS IS NEEDED FOR VQMOD IN OPENCART
   version   : 1.4.x and 1.5.x
   vqmver    : 1.0.8
   author    : qphoria
Could not resolve path for [system/library/template.php]

----------------------------------------------------------------------


---------- Date: 2015-03-11 08:03:40 ~ IP : 27.147.193.4 ----------
REQUEST URI : /sobjibazaar/index.php?route=product/product&path=59&product_id=52
MOD DETAILS:
   modFile   : /home/bsorg/public_html/sobjibazaar/vqmod/xml/vqmod_opencart.xml
   id        : VQMOD CORE FOR OPENCART STARTUP.PHP - DO NOT REMOVE AS THIS IS NEEDED FOR VQMOD IN OPENCART
   version   : 1.4.x and 1.5.x
   vqmver    : 1.0.8
   author    : qphoria
Could not resolve path for [system/library/template.php]

----------------------------------------------------------------------


---------- Date: 2015-03-11 08:03:46 ~ IP : 27.147.193.4 ----------
REQUEST URI : /sobjibazaar/index.php?route=checkout/cart/add
MOD DETAILS:
   modFile   : /home/bsorg/public_html/sobjibazaar/vqmod/xml/vqmod_opencart.xml
   id        : VQMOD CORE FOR OPENCART STARTUP.PHP - DO NOT REMOVE AS THIS IS NEEDED FOR VQMOD IN OPENCART
   version   : 1.4.x and 1.5.x
   vqmver    : 1.0.8
   author    : qphoria
Could not resolve path for [system/library/template.php]

----------------------------------------------------------------------


---------- Date: 2015-03-11 08:03:47 ~ IP : 27.147.193.4 ----------
REQUEST URI : /sobjibazaar/index.php?route=common/cart/info
MOD DETAILS:
   modFile   : /home/bsorg/public_html/sobjibazaar/vqmod/xml/vqmod_opencart.xml
   id        : VQMOD CORE FOR OPENCART STARTUP.PHP - DO NOT REMOVE AS THIS IS NEEDED FOR VQMOD IN OPENCART
   version   : 1.4.x and 1.5.x
   vqmver    : 1.0.8
   author    : qphoria
Could not resolve path for [system/library/template.php]

----------------------------------------------------------------------


---------- Date: 2015-03-11 08:03:49 ~ IP : 27.147.193.4 ----------
REQUEST URI : /sobjibazaar/index.php?route=checkout/cart/remove
MOD DETAILS:
   modFile   : /home/bsorg/public_html/sobjibazaar/vqmod/xml/vqmod_opencart.xml
   id        : VQMOD CORE FOR OPENCART STARTUP.PHP - DO NOT REMOVE AS THIS IS NEEDED FOR VQMOD IN OPENCART
   version   : 1.4.x and 1.5.x
   vqmver    : 1.0.8
   author    : qphoria
Could not resolve path for [system/library/template.php]

----------------------------------------------------------------------


---------- Date: 2015-03-11 08:03:50 ~ IP : 27.147.193.4 ----------
REQUEST URI : /sobjibazaar/index.php?route=common/cart/info
MOD DETAILS:
   modFile   : /home/bsorg/public_html/sobjibazaar/vqmod/xml/vqmod_opencart.xml
   id        : VQMOD CORE FOR OPENCART STARTUP.PHP - DO NOT REMOVE AS THIS IS NEEDED FOR VQMOD IN OPENCART
   version   : 1.4.x and 1.5.x
   vqmver    : 1.0.8
   author    : qphoria
Could not resolve path for [system/library/template.php]

----------------------------------------------------------------------


---------- Date: 2015-03-11 08:03:51 ~ IP : 27.147.193.4 ----------
REQUEST URI : /sobjibazaar/index.php?route=common/home
MOD DETAILS:
   modFile   : /home/bsorg/public_html/sobjibazaar/vqmod/xml/vqmod_opencart.xml
   id        : VQMOD CORE FOR OPENCART STARTUP.PHP - DO NOT REMOVE AS THIS IS NEEDED FOR VQMOD IN OPENCART
   version   : 1.4.x and 1.5.x
   vqmver    : 1.0.8
   author    : qphoria
Could not resolve path for [system/library/template.php]

----------------------------------------------------------------------


---------- Date: 2015-03-11 08:04:59 ~ IP : 59.152.97.134 ----------
REQUEST URI : /sobjibazaar/
MOD DETAILS:
   modFile   : /home/bsorg/public_html/sobjibazaar/vqmod/xml/vqmod_opencart.xml
   id        : VQMOD CORE FOR OPENCART STARTUP.PHP - DO NOT REMOVE AS THIS IS NEEDED FOR VQMOD IN OPENCART
   version   : 1.4.x and 1.5.x
   vqmver    : 1.0.8
   author    : qphoria
Could not resolve path for [system/library/template.php]

----------------------------------------------------------------------


---------- Date: 2015-03-11 08:07:28 ~ IP : 59.152.97.134 ----------
REQUEST URI : /sobjibazaar/
MOD DETAILS:
   modFile   : /home/bsorg/public_html/sobjibazaar/vqmod/xml/vqmod_opencart.xml
   id        : VQMOD CORE FOR OPENCART STARTUP.PHP - DO NOT REMOVE AS THIS IS NEEDED FOR VQMOD IN OPENCART
   version   : 1.4.x and 1.5.x
   vqmver    : 1.0.8
   author    : qphoria
Could not resolve path for [system/library/template.php]

----------------------------------------------------------------------


---------- Date: 2015-03-11 08:07:34 ~ IP : 27.147.193.4 ----------
REQUEST URI : /sobjibazaar/index.php?route=common/home
MOD DETAILS:
   modFile   : /home/bsorg/public_html/sobjibazaar/vqmod/xml/vqmod_opencart.xml
   id        : VQMOD CORE FOR OPENCART STARTUP.PHP - DO NOT REMOVE AS THIS IS NEEDED FOR VQMOD IN OPENCART
   version   : 1.4.x and 1.5.x
   vqmver    : 1.0.8
   author    : qphoria
Could not resolve path for [system/library/template.php]

----------------------------------------------------------------------


---------- Date: 2015-03-11 08:07:46 ~ IP : 59.152.97.134 ----------
REQUEST URI : /sobjibazaar/index.php?route=product/category&path=67
MOD DETAILS:
   modFile   : /home/bsorg/public_html/sobjibazaar/vqmod/xml/vqmod_opencart.xml
   id        : VQMOD CORE FOR OPENCART STARTUP.PHP - DO NOT REMOVE AS THIS IS NEEDED FOR VQMOD IN OPENCART
   version   : 1.4.x and 1.5.x
   vqmver    : 1.0.8
   author    : qphoria
Could not resolve path for [system/library/template.php]

----------------------------------------------------------------------


---------- Date: 2015-03-11 08:07:50 ~ IP : 59.152.97.134 ----------
REQUEST URI : /sobjibazaar/index.php?route=product/category&path=72
MOD DETAILS:
   modFile   : /home/bsorg/public_html/sobjibazaar/vqmod/xml/vqmod_opencart.xml
   id        : VQMOD CORE FOR OPENCART STARTUP.PHP - DO NOT REMOVE AS THIS IS NEEDED FOR VQMOD IN OPENCART
   version   : 1.4.x and 1.5.x
   vqmver    : 1.0.8
   author    : qphoria
Could not resolve path for [system/library/template.php]

----------------------------------------------------------------------


---------- Date: 2015-03-11 08:07:52 ~ IP : 27.147.193.4 ----------
REQUEST URI : /sobjibazaar/
MOD DETAILS:
   modFile   : /home/bsorg/public_html/sobjibazaar/vqmod/xml/vqmod_opencart.xml
   id        : VQMOD CORE FOR OPENCART STARTUP.PHP - DO NOT REMOVE AS THIS IS NEEDED FOR VQMOD IN OPENCART
   version   : 1.4.x and 1.5.x
   vqmver    : 1.0.8
   author    : qphoria
Could not resolve path for [system/library/template.php]

----------------------------------------------------------------------


---------- Date: 2015-03-11 08:08:05 ~ IP : 59.152.97.134 ----------
REQUEST URI : /sobjibazaar/index.php?route=checkout/checkout
MOD DETAILS:
   modFile   : /home/bsorg/public_html/sobjibazaar/vqmod/xml/vqmod_opencart.xml
   id        : VQMOD CORE FOR OPENCART STARTUP.PHP - DO NOT REMOVE AS THIS IS NEEDED FOR VQMOD IN OPENCART
   version   : 1.4.x and 1.5.x
   vqmver    : 1.0.8
   author    : qphoria
Could not resolve path for [system/library/template.php]

----------------------------------------------------------------------


---------- Date: 2015-03-11 08:08:05 ~ IP : 59.152.97.134 ----------
REQUEST URI : /sobjibazaar/index.php?route=checkout/cart
MOD DETAILS:
   modFile   : /home/bsorg/public_html/sobjibazaar/vqmod/xml/vqmod_opencart.xml
   id        : VQMOD CORE FOR OPENCART STARTUP.PHP - DO NOT REMOVE AS THIS IS NEEDED FOR VQMOD IN OPENCART
   version   : 1.4.x and 1.5.x
   vqmver    : 1.0.8
   author    : qphoria
Could not resolve path for [system/library/template.php]

----------------------------------------------------------------------


---------- Date: 2015-03-11 08:08:08 ~ IP : 59.152.97.134 ----------
REQUEST URI : /sobjibazaar/index.php?route=checkout/cart
MOD DETAILS:
   modFile   : /home/bsorg/public_html/sobjibazaar/vqmod/xml/vqmod_opencart.xml
   id        : VQMOD CORE FOR OPENCART STARTUP.PHP - DO NOT REMOVE AS THIS IS NEEDED FOR VQMOD IN OPENCART
   version   : 1.4.x and 1.5.x
   vqmver    : 1.0.8
   author    : qphoria
Could not resolve path for [system/library/template.php]

----------------------------------------------------------------------


---------- Date: 2015-03-11 08:08:09 ~ IP : 59.152.97.134 ----------
REQUEST URI : /sobjibazaar/index.php?route=account/wishlist
MOD DETAILS:
   modFile   : /home/bsorg/public_html/sobjibazaar/vqmod/xml/vqmod_opencart.xml
   id        : VQMOD CORE FOR OPENCART STARTUP.PHP - DO NOT REMOVE AS THIS IS NEEDED FOR VQMOD IN OPENCART
   version   : 1.4.x and 1.5.x
   vqmver    : 1.0.8
   author    : qphoria
Could not resolve path for [system/library/template.php]

----------------------------------------------------------------------


---------- Date: 2015-03-11 08:08:10 ~ IP : 59.152.97.134 ----------
REQUEST URI : /sobjibazaar/index.php?route=account/login
MOD DETAILS:
   modFile   : /home/bsorg/public_html/sobjibazaar/vqmod/xml/vqmod_opencart.xml
   id        : VQMOD CORE FOR OPENCART STARTUP.PHP - DO NOT REMOVE AS THIS IS NEEDED FOR VQMOD IN OPENCART
   version   : 1.4.x and 1.5.x
   vqmver    : 1.0.8
   author    : qphoria
Could not resolve path for [system/library/template.php]

----------------------------------------------------------------------


---------- Date: 2015-03-11 08:08:11 ~ IP : 59.152.97.134 ----------
REQUEST URI : /sobjibazaar/index.php?route=account/account
MOD DETAILS:
   modFile   : /home/bsorg/public_html/sobjibazaar/vqmod/xml/vqmod_opencart.xml
   id        : VQMOD CORE FOR OPENCART STARTUP.PHP - DO NOT REMOVE AS THIS IS NEEDED FOR VQMOD IN OPENCART
   version   : 1.4.x and 1.5.x
   vqmver    : 1.0.8
   author    : qphoria
Could not resolve path for [system/library/template.php]

----------------------------------------------------------------------


---------- Date: 2015-03-11 08:08:12 ~ IP : 59.152.97.134 ----------
REQUEST URI : /sobjibazaar/index.php?route=account/login
MOD DETAILS:
   modFile   : /home/bsorg/public_html/sobjibazaar/vqmod/xml/vqmod_opencart.xml
   id        : VQMOD CORE FOR OPENCART STARTUP.PHP - DO NOT REMOVE AS THIS IS NEEDED FOR VQMOD IN OPENCART
   version   : 1.4.x and 1.5.x
   vqmver    : 1.0.8
   author    : qphoria
Could not resolve path for [system/library/template.php]

----------------------------------------------------------------------


---------- Date: 2015-03-11 08:08:14 ~ IP : 59.152.97.134 ----------
REQUEST URI : /sobjibazaar/index.php?route=common/home
MOD DETAILS:
   modFile   : /home/bsorg/public_html/sobjibazaar/vqmod/xml/vqmod_opencart.xml
   id        : VQMOD CORE FOR OPENCART STARTUP.PHP - DO NOT REMOVE AS THIS IS NEEDED FOR VQMOD IN OPENCART
   version   : 1.4.x and 1.5.x
   vqmver    : 1.0.8
   author    : qphoria
Could not resolve path for [system/library/template.php]

----------------------------------------------------------------------


---------- Date: 2015-03-11 08:08:27 ~ IP : 59.152.97.134 ----------
REQUEST URI : /sobjibazaar/
MOD DETAILS:
   modFile   : /home/bsorg/public_html/sobjibazaar/vqmod/xml/vqmod_opencart.xml
   id        : VQMOD CORE FOR OPENCART STARTUP.PHP - DO NOT REMOVE AS THIS IS NEEDED FOR VQMOD IN OPENCART
   version   : 1.4.x and 1.5.x
   vqmver    : 1.0.8
   author    : qphoria
Could not resolve path for [system/library/template.php]

----------------------------------------------------------------------


---------- Date: 2015-03-11 08:09:24 ~ IP : 59.152.97.134 ----------
REQUEST URI : /sobjibazaar/
MOD DETAILS:
   modFile   : /home/bsorg/public_html/sobjibazaar/vqmod/xml/vqmod_opencart.xml
   id        : VQMOD CORE FOR OPENCART STARTUP.PHP - DO NOT REMOVE AS THIS IS NEEDED FOR VQMOD IN OPENCART
   version   : 1.4.x and 1.5.x
   vqmver    : 1.0.8
   author    : qphoria
Could not resolve path for [system/library/template.php]

----------------------------------------------------------------------


---------- Date: 2015-03-11 08:09:39 ~ IP : 59.152.97.134 ----------
REQUEST URI : /sobjibazaar/index.php?route=product/search&search=meat
MOD DETAILS:
   modFile   : /home/bsorg/public_html/sobjibazaar/vqmod/xml/vqmod_opencart.xml
   id        : VQMOD CORE FOR OPENCART STARTUP.PHP - DO NOT REMOVE AS THIS IS NEEDED FOR VQMOD IN OPENCART
   version   : 1.4.x and 1.5.x
   vqmver    : 1.0.8
   author    : qphoria
Could not resolve path for [system/library/template.php]

----------------------------------------------------------------------


---------- Date: 2015-03-11 08:09:56 ~ IP : 59.152.97.134 ----------
REQUEST URI : /sobjibazaar/index.php?route=common/home
MOD DETAILS:
   modFile   : /home/bsorg/public_html/sobjibazaar/vqmod/xml/vqmod_opencart.xml
   id        : VQMOD CORE FOR OPENCART STARTUP.PHP - DO NOT REMOVE AS THIS IS NEEDED FOR VQMOD IN OPENCART
   version   : 1.4.x and 1.5.x
   vqmver    : 1.0.8
   author    : qphoria
Could not resolve path for [system/library/template.php]

----------------------------------------------------------------------


---------- Date: 2015-03-11 08:10:09 ~ IP : 59.152.97.134 ----------
REQUEST URI : /sobjibazaar/index.php?route=product/search&search=meat
MOD DETAILS:
   modFile   : /home/bsorg/public_html/sobjibazaar/vqmod/xml/vqmod_opencart.xml
   id        : VQMOD CORE FOR OPENCART STARTUP.PHP - DO NOT REMOVE AS THIS IS NEEDED FOR VQMOD IN OPENCART
   version   : 1.4.x and 1.5.x
   vqmver    : 1.0.8
   author    : qphoria
Could not resolve path for [system/library/template.php]

----------------------------------------------------------------------


---------- Date: 2015-03-11 08:10:23 ~ IP : 27.147.193.4 ----------
REQUEST URI : /sobjibazaar/index.php?route=product/search&search=vegetable
MOD DETAILS:
   modFile   : /home/bsorg/public_html/sobjibazaar/vqmod/xml/vqmod_opencart.xml
   id        : VQMOD CORE FOR OPENCART STARTUP.PHP - DO NOT REMOVE AS THIS IS NEEDED FOR VQMOD IN OPENCART
   version   : 1.4.x and 1.5.x
   vqmver    : 1.0.8
   author    : qphoria
Could not resolve path for [system/library/template.php]

----------------------------------------------------------------------


---------- Date: 2015-03-11 08:10:44 ~ IP : 59.152.97.134 ----------
REQUEST URI : /sobjibazaar/index.php?route=common/home
MOD DETAILS:
   modFile   : /home/bsorg/public_html/sobjibazaar/vqmod/xml/vqmod_opencart.xml
   id        : VQMOD CORE FOR OPENCART STARTUP.PHP - DO NOT REMOVE AS THIS IS NEEDED FOR VQMOD IN OPENCART
   version   : 1.4.x and 1.5.x
   vqmver    : 1.0.8
   author    : qphoria
Could not resolve path for [system/library/template.php]

----------------------------------------------------------------------


---------- Date: 2015-03-11 08:10:46 ~ IP : 59.152.97.134 ----------
REQUEST URI : /sobjibazaar/index.php?route=account/login
MOD DETAILS:
   modFile   : /home/bsorg/public_html/sobjibazaar/vqmod/xml/vqmod_opencart.xml
   id        : VQMOD CORE FOR OPENCART STARTUP.PHP - DO NOT REMOVE AS THIS IS NEEDED FOR VQMOD IN OPENCART
   version   : 1.4.x and 1.5.x
   vqmver    : 1.0.8
   author    : qphoria
Could not resolve path for [system/library/template.php]

----------------------------------------------------------------------


---------- Date: 2015-03-11 08:10:59 ~ IP : 59.152.97.134 ----------
REQUEST URI : /sobjibazaar/index.php?route=common/home
MOD DETAILS:
   modFile   : /home/bsorg/public_html/sobjibazaar/vqmod/xml/vqmod_opencart.xml
   id        : VQMOD CORE FOR OPENCART STARTUP.PHP - DO NOT REMOVE AS THIS IS NEEDED FOR VQMOD IN OPENCART
   version   : 1.4.x and 1.5.x
   vqmver    : 1.0.8
   author    : qphoria
Could not resolve path for [system/library/template.php]

----------------------------------------------------------------------


---------- Date: 2015-03-11 08:11:05 ~ IP : 59.152.97.134 ----------
REQUEST URI : /sobjibazaar/index.php?route=product/category&path=59
MOD DETAILS:
   modFile   : /home/bsorg/public_html/sobjibazaar/vqmod/xml/vqmod_opencart.xml
   id        : VQMOD CORE FOR OPENCART STARTUP.PHP - DO NOT REMOVE AS THIS IS NEEDED FOR VQMOD IN OPENCART
   version   : 1.4.x and 1.5.x
   vqmver    : 1.0.8
   author    : qphoria
Could not resolve path for [system/library/template.php]

----------------------------------------------------------------------


---------- Date: 2015-03-11 08:11:10 ~ IP : 59.152.97.134 ----------
REQUEST URI : /sobjibazaar/index.php?route=product/category&path=62
MOD DETAILS:
   modFile   : /home/bsorg/public_html/sobjibazaar/vqmod/xml/vqmod_opencart.xml
   id        : VQMOD CORE FOR OPENCART STARTUP.PHP - DO NOT REMOVE AS THIS IS NEEDED FOR VQMOD IN OPENCART
   version   : 1.4.x and 1.5.x
   vqmver    : 1.0.8
   author    : qphoria
Could not resolve path for [system/library/template.php]

----------------------------------------------------------------------


---------- Date: 2015-03-11 08:11:13 ~ IP : 59.152.97.134 ----------
REQUEST URI : /sobjibazaar/index.php?route=product/category&path=59
MOD DETAILS:
   modFile   : /home/bsorg/public_html/sobjibazaar/vqmod/xml/vqmod_opencart.xml
   id        : VQMOD CORE FOR OPENCART STARTUP.PHP - DO NOT REMOVE AS THIS IS NEEDED FOR VQMOD IN OPENCART
   version   : 1.4.x and 1.5.x
   vqmver    : 1.0.8
   author    : qphoria
Could not resolve path for [system/library/template.php]

----------------------------------------------------------------------


---------- Date: 2015-03-11 08:11:17 ~ IP : 59.152.97.134 ----------
REQUEST URI : /sobjibazaar/index.php?route=information/sitemap
MOD DETAILS:
   modFile   : /home/bsorg/public_html/sobjibazaar/vqmod/xml/vqmod_opencart.xml
   id        : VQMOD CORE FOR OPENCART STARTUP.PHP - DO NOT REMOVE AS THIS IS NEEDED FOR VQMOD IN OPENCART
   version   : 1.4.x and 1.5.x
   vqmver    : 1.0.8
   author    : qphoria
Could not resolve path for [system/library/template.php]

----------------------------------------------------------------------


---------- Date: 2015-03-11 08:11:36 ~ IP : 27.147.193.4 ----------
REQUEST URI : /sobjibazaar/index.php?route=common/home
MOD DETAILS:
   modFile   : /home/bsorg/public_html/sobjibazaar/vqmod/xml/vqmod_opencart.xml
   id        : VQMOD CORE FOR OPENCART STARTUP.PHP - DO NOT REMOVE AS THIS IS NEEDED FOR VQMOD IN OPENCART
   version   : 1.4.x and 1.5.x
   vqmver    : 1.0.8
   author    : qphoria
Could not resolve path for [system/library/template.php]

----------------------------------------------------------------------


---------- Date: 2015-03-11 08:11:48 ~ IP : 27.147.193.4 ----------
REQUEST URI : /sobjibazaar/index.php?route=product/search&search=Bottle%20Gourd
MOD DETAILS:
   modFile   : /home/bsorg/public_html/sobjibazaar/vqmod/xml/vqmod_opencart.xml
   id        : VQMOD CORE FOR OPENCART STARTUP.PHP - DO NOT REMOVE AS THIS IS NEEDED FOR VQMOD IN OPENCART
   version   : 1.4.x and 1.5.x
   vqmver    : 1.0.8
   author    : qphoria
Could not resolve path for [system/library/template.php]

----------------------------------------------------------------------


---------- Date: 2015-03-11 08:12:02 ~ IP : 27.147.193.4 ----------
REQUEST URI : /sobjibazaar/index.php?route=common/home
MOD DETAILS:
   modFile   : /home/bsorg/public_html/sobjibazaar/vqmod/xml/vqmod_opencart.xml
   id        : VQMOD CORE FOR OPENCART STARTUP.PHP - DO NOT REMOVE AS THIS IS NEEDED FOR VQMOD IN OPENCART
   version   : 1.4.x and 1.5.x
   vqmver    : 1.0.8
   author    : qphoria
Could not resolve path for [system/library/template.php]

----------------------------------------------------------------------


---------- Date: 2015-03-11 08:21:16 ~ IP : 27.147.193.4 ----------
REQUEST URI : /sobjibazaar/index.php?route=common/home
MOD DETAILS:
   modFile   : /home/bsorg/public_html/sobjibazaar/vqmod/xml/vqmod_opencart.xml
   id        : VQMOD CORE FOR OPENCART STARTUP.PHP - DO NOT REMOVE AS THIS IS NEEDED FOR VQMOD IN OPENCART
   version   : 1.4.x and 1.5.x
   vqmver    : 1.0.8
   author    : qphoria
Could not resolve path for [system/library/template.php]

----------------------------------------------------------------------


---------- Date: 2015-03-11 08:21:24 ~ IP : 27.147.193.4 ----------
REQUEST URI : /sobjibazaar/index.php?route=product/search&search=%E0%A6%85%E0%A7%8D%E0%A6%AF%E0%A6%BE%E0%A6%95%E0%A6%B8%E0%A7%87%E0%A6%B8%E0%A6%B0%E0%A6%BF%E0%A6%9C%20%E0%A6%9B%E0%A6%BE%E0%A7%9C%E0%A6%BE%20%E0%A6%95%E0%A6%A8%E0%A7%87%E0%A6%B0%20%E0%A6%B8%E0%A6%BE%E0%A6%9C%20%E0%A6%AE%E0%A6%BE%E0%A6%9F%E0%A6%BF
MOD DETAILS:
   modFile   : /home/bsorg/public_html/sobjibazaar/vqmod/xml/vqmod_opencart.xml
   id        : VQMOD CORE FOR OPENCART STARTUP.PHP - DO NOT REMOVE AS THIS IS NEEDED FOR VQMOD IN OPENCART
   version   : 1.4.x and 1.5.x
   vqmver    : 1.0.8
   author    : qphoria
Could not resolve path for [system/library/template.php]

----------------------------------------------------------------------


---------- Date: 2015-03-11 08:24:43 ~ IP : 27.147.193.4 ----------
REQUEST URI : /sobjibazaar/index.php?route=common/home
MOD DETAILS:
   modFile   : /home/bsorg/public_html/sobjibazaar/vqmod/xml/vqmod_opencart.xml
   id        : VQMOD CORE FOR OPENCART STARTUP.PHP - DO NOT REMOVE AS THIS IS NEEDED FOR VQMOD IN OPENCART
   version   : 1.4.x and 1.5.x
   vqmver    : 1.0.8
   author    : qphoria
Could not resolve path for [system/library/template.php]

----------------------------------------------------------------------


---------- Date: 2015-03-11 08:25:28 ~ IP : 27.147.193.4 ----------
REQUEST URI : /sobjibazaar/index.php?route=product/search&search=Bottle%20Gourd
MOD DETAILS:
   modFile   : /home/bsorg/public_html/sobjibazaar/vqmod/xml/vqmod_opencart.xml
   id        : VQMOD CORE FOR OPENCART STARTUP.PHP - DO NOT REMOVE AS THIS IS NEEDED FOR VQMOD IN OPENCART
   version   : 1.4.x and 1.5.x
   vqmver    : 1.0.8
   author    : qphoria
Could not resolve path for [system/library/template.php]

----------------------------------------------------------------------


---------- Date: 2015-03-11 08:26:45 ~ IP : 27.147.193.4 ----------
REQUEST URI : /sobjibazaar/index.php?route=product/search&search=Bottle%20Gourd
MOD DETAILS:
   modFile   : /home/bsorg/public_html/sobjibazaar/vqmod/xml/vqmod_opencart.xml
   id        : VQMOD CORE FOR OPENCART STARTUP.PHP - DO NOT REMOVE AS THIS IS NEEDED FOR VQMOD IN OPENCART
   version   : 1.4.x and 1.5.x
   vqmver    : 1.0.8
   author    : qphoria
Could not resolve path for [system/library/template.php]

----------------------------------------------------------------------


---------- Date: 2015-03-11 08:26:57 ~ IP : 27.147.193.4 ----------
REQUEST URI : /sobjibazaar/index.php?route=product/product&product_id=53&search=Bottle+Gourd
MOD DETAILS:
   modFile   : /home/bsorg/public_html/sobjibazaar/vqmod/xml/vqmod_opencart.xml
   id        : VQMOD CORE FOR OPENCART STARTUP.PHP - DO NOT REMOVE AS THIS IS NEEDED FOR VQMOD IN OPENCART
   version   : 1.4.x and 1.5.x
   vqmver    : 1.0.8
   author    : qphoria
Could not resolve path for [system/library/template.php]

----------------------------------------------------------------------


---------- Date: 2015-03-11 08:27:01 ~ IP : 27.147.193.4 ----------
REQUEST URI : /sobjibazaar/index.php?route=product/search&search=Bottle%20Gourd
MOD DETAILS:
   modFile   : /home/bsorg/public_html/sobjibazaar/vqmod/xml/vqmod_opencart.xml
   id        : VQMOD CORE FOR OPENCART STARTUP.PHP - DO NOT REMOVE AS THIS IS NEEDED FOR VQMOD IN OPENCART
   version   : 1.4.x and 1.5.x
   vqmver    : 1.0.8
   author    : qphoria
Could not resolve path for [system/library/template.php]

----------------------------------------------------------------------


---------- Date: 2015-03-11 08:29:28 ~ IP : 27.147.193.4 ----------
REQUEST URI : /sobjibazaar/index.php?route=product/search&search=Bottle%20Gourd
MOD DETAILS:
   modFile   : /home/bsorg/public_html/sobjibazaar/vqmod/xml/vqmod_opencart.xml
   id        : VQMOD CORE FOR OPENCART STARTUP.PHP - DO NOT REMOVE AS THIS IS NEEDED FOR VQMOD IN OPENCART
   version   : 1.4.x and 1.5.x
   vqmver    : 1.0.8
   author    : qphoria
Could not resolve path for [system/library/template.php]

----------------------------------------------------------------------


---------- Date: 2015-03-11 08:30:17 ~ IP : 27.147.193.4 ----------
REQUEST URI : /sobjibazaar/index.php?route=product/search&search=Bottle%20Gourd
MOD DETAILS:
   modFile   : /home/bsorg/public_html/sobjibazaar/vqmod/xml/vqmod_opencart.xml
   id        : VQMOD CORE FOR OPENCART STARTUP.PHP - DO NOT REMOVE AS THIS IS NEEDED FOR VQMOD IN OPENCART
   version   : 1.4.x and 1.5.x
   vqmver    : 1.0.8
   author    : qphoria
Could not resolve path for [system/library/template.php]

----------------------------------------------------------------------


---------- Date: 2015-03-11 08:30:32 ~ IP : 27.147.193.4 ----------
REQUEST URI : /sobjibazaar/index.php?route=common/home
MOD DETAILS:
   modFile   : /home/bsorg/public_html/sobjibazaar/vqmod/xml/vqmod_opencart.xml
   id        : VQMOD CORE FOR OPENCART STARTUP.PHP - DO NOT REMOVE AS THIS IS NEEDED FOR VQMOD IN OPENCART
   version   : 1.4.x and 1.5.x
   vqmver    : 1.0.8
   author    : qphoria
Could not resolve path for [system/library/template.php]

----------------------------------------------------------------------


---------- Date: 2015-03-11 08:30:53 ~ IP : 27.147.193.4 ----------
REQUEST URI : /sobjibazaar/index.php?route=product/search&search=Cauliflower
MOD DETAILS:
   modFile   : /home/bsorg/public_html/sobjibazaar/vqmod/xml/vqmod_opencart.xml
   id        : VQMOD CORE FOR OPENCART STARTUP.PHP - DO NOT REMOVE AS THIS IS NEEDED FOR VQMOD IN OPENCART
   version   : 1.4.x and 1.5.x
   vqmver    : 1.0.8
   author    : qphoria
Could not resolve path for [system/library/template.php]

----------------------------------------------------------------------


---------- Date: 2015-03-11 08:50:18 ~ IP : 27.147.193.4 ----------
REQUEST URI : /sobjibazaar/index.php?route=common/home
MOD DETAILS:
   modFile   : /home/bsorg/public_html/sobjibazaar/vqmod/xml/vqmod_opencart.xml
   id        : VQMOD CORE FOR OPENCART STARTUP.PHP - DO NOT REMOVE AS THIS IS NEEDED FOR VQMOD IN OPENCART
   version   : 1.4.x and 1.5.x
   vqmver    : 1.0.8
   author    : qphoria
Could not resolve path for [system/library/template.php]

----------------------------------------------------------------------


---------- Date: 2015-03-11 09:23:45 ~ IP : 27.147.193.4 ----------
REQUEST URI : /sobjibazaar/index.php?route=product/category&path=68
MOD DETAILS:
   modFile   : /home/bsorg/public_html/sobjibazaar/vqmod/xml/vqmod_opencart.xml
   id        : VQMOD CORE FOR OPENCART STARTUP.PHP - DO NOT REMOVE AS THIS IS NEEDED FOR VQMOD IN OPENCART
   version   : 1.4.x and 1.5.x
   vqmver    : 1.0.8
   author    : qphoria
Could not resolve path for [system/library/template.php]

----------------------------------------------------------------------


---------- Date: 2015-03-11 09:23:51 ~ IP : 27.147.193.4 ----------
REQUEST URI : /sobjibazaar/index.php?route=product/category&path=59
MOD DETAILS:
   modFile   : /home/bsorg/public_html/sobjibazaar/vqmod/xml/vqmod_opencart.xml
   id        : VQMOD CORE FOR OPENCART STARTUP.PHP - DO NOT REMOVE AS THIS IS NEEDED FOR VQMOD IN OPENCART
   version   : 1.4.x and 1.5.x
   vqmver    : 1.0.8
   author    : qphoria
Could not resolve path for [system/library/template.php]

----------------------------------------------------------------------


---------- Date: 2015-03-11 09:23:56 ~ IP : 27.147.193.4 ----------
REQUEST URI : /sobjibazaar/index.php?route=product/category&path=68_71
MOD DETAILS:
   modFile   : /home/bsorg/public_html/sobjibazaar/vqmod/xml/vqmod_opencart.xml
   id        : VQMOD CORE FOR OPENCART STARTUP.PHP - DO NOT REMOVE AS THIS IS NEEDED FOR VQMOD IN OPENCART
   version   : 1.4.x and 1.5.x
   vqmver    : 1.0.8
   author    : qphoria
Could not resolve path for [system/library/template.php]

----------------------------------------------------------------------


---------- Date: 2015-03-11 09:24:00 ~ IP : 27.147.193.4 ----------
REQUEST URI : /sobjibazaar/index.php?route=product/category&path=68
MOD DETAILS:
   modFile   : /home/bsorg/public_html/sobjibazaar/vqmod/xml/vqmod_opencart.xml
   id        : VQMOD CORE FOR OPENCART STARTUP.PHP - DO NOT REMOVE AS THIS IS NEEDED FOR VQMOD IN OPENCART
   version   : 1.4.x and 1.5.x
   vqmver    : 1.0.8
   author    : qphoria
Could not resolve path for [system/library/template.php]

----------------------------------------------------------------------


---------- Date: 2015-03-11 09:24:39 ~ IP : 27.147.193.4 ----------
REQUEST URI : /sobjibazaar/admin/index.php?route=common/logout&token=61781b37f0af8f26b9c4976577368d35
MOD DETAILS:
   modFile   : /home/bsorg/public_html/sobjibazaar/vqmod/xml/vqmod_opencart.xml
   id        : VQMOD CORE FOR OPENCART STARTUP.PHP - DO NOT REMOVE AS THIS IS NEEDED FOR VQMOD IN OPENCART
   version   : 1.4.x and 1.5.x
   vqmver    : 1.0.8
   author    : qphoria
Could not resolve path for [system/library/template.php]

----------------------------------------------------------------------


---------- Date: 2015-03-11 09:24:39 ~ IP : 27.147.193.4 ----------
REQUEST URI : /sobjibazaar/admin/index.php?route=common/login
MOD DETAILS:
   modFile   : /home/bsorg/public_html/sobjibazaar/vqmod/xml/vqmod_opencart.xml
   id        : VQMOD CORE FOR OPENCART STARTUP.PHP - DO NOT REMOVE AS THIS IS NEEDED FOR VQMOD IN OPENCART
   version   : 1.4.x and 1.5.x
   vqmver    : 1.0.8
   author    : qphoria
Could not resolve path for [system/library/template.php]

----------------------------------------------------------------------


